45 [23460] INFO perfrun.launcher <> - Launcher main begin
50 [23460] INFO perfrun.launcher <> - MessageCatalogInit finished
50 [23460] INFO perfrun.launcher <> - Launcher instance created
50 [23460] INFO perfrun.launcher <> - argc = 6; cmdline = C:\Program Files (x86)\Intel\oneAPI\advisor\2024.1\bin64\advixe-runss.exe --ui-output-format xml --ui-output-fd 6592 --context-value-list 
62 [23460] INFO perfrun.launcher <> - New signal handler callback was added
106 [23460] INFO perfrun.launcher <> - create msngr2::ICliToolContext
107 [23460] INFO perfrun.launcher <> - create file finder object
107 [23460] INFO perfrun.launcher <> - Put into the variant bag the context value: name = targetOS; value = Windows
107 [23460] INFO perfrun.launcher <> - Put into the variant bag the context value: name = OS; value = Windows
107 [23460] INFO perfrun.launcher <> - Put into the variant bag the context value: name = OSBuildNumber; value = 19045
107 [23460] INFO perfrun.launcher <> - Put into the variant bag the context value: name = OSBitness; value = 64
107 [23460] INFO perfrun.launcher <> - Put into the variant bag the context value: name = AdministratorPrivileges; value = false
108 [23460] INFO perfrun.launcher <> - Put into the variant bag the context value: name = isPtraceScopeLimited; value = false
108 [23460] INFO perfrun.launcher <> - Put into the variant bag the context value: name = isCATSupportedByCPU; value = false
108 [23460] INFO perfrun.launcher <> - Put into the variant bag the context value: name = isL3MonitoringSupportedByCPU; value = false
108 [23460] INFO perfrun.launcher <> - Put into the variant bag the context value: name = isTSXAvailable; value = false
108 [23460] INFO perfrun.launcher <> - Put into the variant bag the context value: name = isPTAvailable; value = true
108 [23460] INFO perfrun.launcher <> - Put into the variant bag the context value: name = isHTEnabled; value = true
108 [23460] INFO perfrun.launcher <> - Put into the variant bag the context value: name = fpgaOnBoard; value = None
108 [23460] INFO perfrun.launcher <> - Put into the variant bag the context value: name = omniPathOnBoard; value = None
108 [23460] INFO perfrun.launcher <> - Put into the variant bag the context value: name = genArchOnBoard; value = 0
108 [23460] INFO perfrun.launcher <> - Put into the variant bag the context value: name = pciClassParts; value = 
108 [23460] INFO perfrun.launcher <> - Put into the variant bag the context value: name = tidValuesForIO; value = 
108 [23460] INFO perfrun.launcher <> - Put into the variant bag the context value: name = populatedIoParts; value = 
108 [23460] INFO perfrun.launcher <> - Put into the variant bag the context value: name = populatedIoUnits; value = 
108 [23460] INFO perfrun.launcher <> - Put into the variant bag the context value: name = populatedTidValuesForIO; value = 
108 [23460] INFO perfrun.launcher <> - Put into the variant bag the context value: name = isSGXAvailable; value = false
109 [23460] INFO perfrun.launcher <> - Put into the variant bag the context value: name = Hypervisor; value = None
109 [23460] INFO perfrun.launcher <> - Put into the variant bag the context value: name = PerfmonVersion; value = 5
109 [23460] INFO perfrun.launcher <> - Put into the variant bag the context value: name = isMaxDRAMBandwidthMeasurementSupported; value = false
109 [23460] INFO perfrun.launcher <> - Put into the variant bag the context value: name = preferedGpuAdapter; value = 0:1:0.0
109 [23460] INFO perfrun.launcher <> - Put into the variant bag the context value: name = isEHFIAvailable; value = false
109 [23460] INFO perfrun.launcher <> - Put into the variant bag the context value: name = areGpuHardwareMetricsAvailableList; value = 
109 [23460] INFO perfrun.launcher <> - Put into the variant bag the context value: name = gpuPlatformIndexList; value = 
109 [23460] INFO perfrun.launcher <> - Put into the variant bag the context value: name = isTPSSAvailable; value = true
109 [23460] INFO perfrun.launcher <> - Put into the variant bag the context value: name = isPytraceAvailable; value = true
109 [23460] INFO perfrun.launcher <> - Put into the variant bag the context value: name = isGENDebugInfoAvailableList; value = 
109 [23460] INFO perfrun.launcher <> - Put into the variant bag the context value: name = isGTPinCollectionAvailableList; value = 
109 [23460] INFO perfrun.launcher <> - Put into the variant bag the context value: name = forceShowInlines; value = false
109 [23460] INFO perfrun.launcher <> - Application exit code: 0
109 [23460] INFO perfrun.launcher <> - Exit code: 0
