40 [25116] INFO perfrun.launcher <> - Launcher main begin
45 [25116] INFO perfrun.launcher <> - MessageCatalogInit finished
45 [25116] INFO perfrun.launcher <> - Launcher instance created
45 [25116] INFO perfrun.launcher <> - argc = 6; cmdline = C:\Program Files (x86)\Intel\oneAPI\advisor\2024.1\bin64\advixe-runss.exe --ui-output-format xml --ui-output-fd 5260 --context-value-list 
55 [25116] INFO perfrun.launcher <> - New signal handler callback was added
120 [25116] INFO perfrun.launcher <> - create msngr2::ICliToolContext
120 [25116] INFO perfrun.launcher <> - create file finder object
121 [25116] INFO perfrun.launcher <> - Put into the variant bag the context value: name = targetOS; value = Windows
121 [25116] INFO perfrun.launcher <> - Put into the variant bag the context value: name = OS; value = Windows
121 [25116] INFO perfrun.launcher <> - Put into the variant bag the context value: name = OSBuildNumber; value = 19045
121 [25116] INFO perfrun.launcher <> - Put into the variant bag the context value: name = OSBitness; value = 64
121 [25116] INFO perfrun.launcher <> - Put into the variant bag the context value: name = AdministratorPrivileges; value = false
121 [25116] INFO perfrun.launcher <> - Put into the variant bag the context value: name = isPtraceScopeLimited; value = false
121 [25116] INFO perfrun.launcher <> - Put into the variant bag the context value: name = isCATSupportedByCPU; value = false
121 [25116] INFO perfrun.launcher <> - Put into the variant bag the context value: name = isL3MonitoringSupportedByCPU; value = false
121 [25116] INFO perfrun.launcher <> - Put into the variant bag the context value: name = isTSXAvailable; value = false
121 [25116] INFO perfrun.launcher <> - Put into the variant bag the context value: name = isPTAvailable; value = true
122 [25116] INFO perfrun.launcher <> - Put into the variant bag the context value: name = isHTEnabled; value = true
122 [25116] INFO perfrun.launcher <> - Put into the variant bag the context value: name = fpgaOnBoard; value = None
122 [25116] INFO perfrun.launcher <> - Put into the variant bag the context value: name = omniPathOnBoard; value = None
122 [25116] INFO perfrun.launcher <> - Put into the variant bag the context value: name = genArchOnBoard; value = 0
122 [25116] INFO perfrun.launcher <> - Put into the variant bag the context value: name = pciClassParts; value = 
122 [25116] INFO perfrun.launcher <> - Put into the variant bag the context value: name = tidValuesForIO; value = 
122 [25116] INFO perfrun.launcher <> - Put into the variant bag the context value: name = populatedIoParts; value = 
122 [25116] INFO perfrun.launcher <> - Put into the variant bag the context value: name = populatedIoUnits; value = 
122 [25116] INFO perfrun.launcher <> - Put into the variant bag the context value: name = populatedTidValuesForIO; value = 
122 [25116] INFO perfrun.launcher <> - Put into the variant bag the context value: name = isSGXAvailable; value = false
122 [25116] INFO perfrun.launcher <> - Put into the variant bag the context value: name = Hypervisor; value = None
122 [25116] INFO perfrun.launcher <> - Put into the variant bag the context value: name = PerfmonVersion; value = 5
122 [25116] INFO perfrun.launcher <> - Put into the variant bag the context value: name = isMaxDRAMBandwidthMeasurementSupported; value = false
122 [25116] INFO perfrun.launcher <> - Put into the variant bag the context value: name = preferedGpuAdapter; value = 0:1:0.0
122 [25116] INFO perfrun.launcher <> - Put into the variant bag the context value: name = isEHFIAvailable; value = false
122 [25116] INFO perfrun.launcher <> - Put into the variant bag the context value: name = areGpuHardwareMetricsAvailableList; value = 
122 [25116] INFO perfrun.launcher <> - Put into the variant bag the context value: name = gpuPlatformIndexList; value = 
122 [25116] INFO perfrun.launcher <> - Put into the variant bag the context value: name = isTPSSAvailable; value = true
122 [25116] INFO perfrun.launcher <> - Put into the variant bag the context value: name = isPytraceAvailable; value = true
122 [25116] INFO perfrun.launcher <> - Put into the variant bag the context value: name = isGENDebugInfoAvailableList; value = 
122 [25116] INFO perfrun.launcher <> - Put into the variant bag the context value: name = isGTPinCollectionAvailableList; value = 
122 [25116] INFO perfrun.launcher <> - Put into the variant bag the context value: name = forceShowInlines; value = false
123 [25116] INFO perfrun.launcher <> - Application exit code: 0
123 [25116] INFO perfrun.launcher <> - Exit code: 0
