<?xml version="1.0" encoding="utf-8"?>
<log version="1.0" tool="runtool">

<msg id="1" tool="runtool">
  <type>log-start</type>
  <arg>2024/05/15 10:21:25</arg>
</msg>
<msg id="2" tool="runtool">
  <type>bandwidth-measurement-starts</type>
</msg>
<msg id="3" tool="runtool">
  <type>bandwidth-measurement-done</type>
</msg>
<msg id="4" tool="runtool">
  <type>collector-starts</type>
</msg>
<msg id="5" tool="runtool">
  <type>marker-file</type>
  <arg>C:\Users\shumkin\Documents\GitHub\Education\HPS\n-body\advisor\n-body\e000\trc002\trc002.advixe</arg>
</msg>
<msg id="6" tool="trc">
  <type>PROCESS_START</type>
  <arg>C:\Users\shumkin\Documents\GitHub\Education\HPS\n-body\x64\Debug\n-body.exe</arg>
  <arg>8384</arg>
  <severity>INFO</severity>
  <timestamp>Wed May 15 10:21:43 2024</timestamp>
</msg>
<msg id="7" tool="trc">
  <type>PROCESS_ANALYSIS_MODE</type>
  <arg>full</arg>
  <severity>INFO</severity>
  <timestamp>Wed May 15 10:21:43 2024</timestamp>
</msg>
<msg id="8" tool="trc">
  <type>LOAD_MODULE</type>
  <arg>C:\Users\shumkin\Documents\GitHub\Education\HPS\n-body\x64\Debug\n-body.exe</arg>
  <arg>0x7ff6fb9c0000</arg>
  <arg>0x7ff6fb9d6fff</arg>
  <arg>yes</arg>
  <severity>INFO</severity>
  <timestamp>Wed May 15 10:21:43 2024</timestamp>
</msg>
<msg id="9" tool="trc">
  <type>LOAD_MODULE</type>
  <arg>C:\windows\System32\KERNELBASE.dll</arg>
  <arg>0x7ffdb5760000</arg>
  <arg>0x7ffdb5a55fff</arg>
  <arg>yes</arg>
  <severity>INFO</severity>
  <timestamp>Wed May 15 10:21:43 2024</timestamp>
</msg>
<msg id="10" tool="trc">
  <type>LOAD_MODULE</type>
  <arg>C:\windows\System32\KERNEL32.DLL</arg>
  <arg>0x7ffdb6d50000</arg>
  <arg>0x7ffdb6e0cfff</arg>
  <arg>yes</arg>
  <severity>INFO</severity>
  <timestamp>Wed May 15 10:21:43 2024</timestamp>
</msg>
<msg id="11" tool="trc">
  <type>LOAD_MODULE</type>
  <arg>C:\windows\SYSTEM32\ntdll.dll</arg>
  <arg>0x7ffdb7ed0000</arg>
  <arg>0x7ffdb80c7fff</arg>
  <arg>yes</arg>
  <severity>INFO</severity>
  <timestamp>Wed May 15 10:21:43 2024</timestamp>
</msg>
<msg id="12" tool="trc">
  <type>LOAD_MODULE</type>
  <arg>C:\windows\SYSTEM32\VCRUNTIME140D.dll</arg>
  <arg>0x7ffd38490000</arg>
  <arg>0x7ffd384bdfff</arg>
  <arg>yes</arg>
  <severity>INFO</severity>
  <timestamp>Wed May 15 10:21:43 2024</timestamp>
</msg>
<msg id="13" tool="trc">
  <type>LOAD_MODULE</type>
  <arg>C:\windows\SYSTEM32\ucrtbased.dll</arg>
  <arg>0x7ffce9ae0000</arg>
  <arg>0x7ffce9d00fff</arg>
  <arg>yes</arg>
  <severity>INFO</severity>
  <timestamp>Wed May 15 10:21:43 2024</timestamp>
</msg>
<msg id="14" tool="trc">
  <type>LOAD_MODULE</type>
  <arg>C:\windows\SYSTEM32\MSVCP140D.dll</arg>
  <arg>0x7ffce9f70000</arg>
  <arg>0x7ffcea050fff</arg>
  <arg>yes</arg>
  <severity>INFO</severity>
  <timestamp>Wed May 15 10:21:43 2024</timestamp>
</msg>
<msg id="15" tool="trc">
  <type>LOAD_MODULE</type>
  <arg>C:\Program Files (x86)\Intel\oneAPI\compiler\latest\bin\libmmdd.dll</arg>
  <arg>0x7ffce96b0000</arg>
  <arg>0x7ffce9adcfff</arg>
  <arg>yes</arg>
  <severity>INFO</severity>
  <timestamp>Wed May 15 10:21:43 2024</timestamp>
</msg>
<msg id="16" tool="trc">
  <type>LOAD_MODULE</type>
  <arg>C:\windows\SYSTEM32\VCRUNTIME140_1D.dll</arg>
  <arg>0x7ffdb2b60000</arg>
  <arg>0x7ffdb2b6efff</arg>
  <arg>yes</arg>
  <severity>INFO</severity>
  <timestamp>Wed May 15 10:21:44 2024</timestamp>
</msg>
<msg id="17" tool="trc">
  <type>LOAD_MODULE</type>
  <arg>C:\windows\SYSTEM32\kernel.appcore.dll</arg>
  <arg>0x7ffdb3220000</arg>
  <arg>0x7ffdb3231fff</arg>
  <arg>yes</arg>
  <severity>INFO</severity>
  <timestamp>Wed May 15 10:21:46 2024</timestamp>
</msg>
<msg id="18" tool="trc">
  <type>LOAD_MODULE</type>
  <arg>C:\windows\System32\msvcrt.dll</arg>
  <arg>0x7ffdb6e10000</arg>
  <arg>0x7ffdb6eadfff</arg>
  <arg>yes</arg>
  <severity>INFO</severity>
  <timestamp>Wed May 15 10:21:46 2024</timestamp>
</msg>
<msg id="19" tool="trc">
  <type>LOAD_MODULE</type>
  <arg>C:\windows\System32\RPCRT4.dll</arg>
  <arg>0x7ffdb6b40000</arg>
  <arg>0x7ffdb6c62fff</arg>
  <arg>yes</arg>
  <severity>INFO</severity>
  <timestamp>Wed May 15 10:21:46 2024</timestamp>
</msg>
<msg id="20" tool="trc">
  <type>UNLOAD_MODULE</type>
  <arg>C:\Users\shumkin\Documents\GitHub\Education\HPS\n-body\x64\Debug\n-body.exe</arg>
  <severity>INFO</severity>
  <timestamp>Wed May 15 10:21:46 2024</timestamp>
</msg>
<msg id="21" tool="trc">
  <type>UNLOAD_MODULE</type>
  <arg>C:\windows\System32\KERNELBASE.dll</arg>
  <severity>INFO</severity>
  <timestamp>Wed May 15 10:21:46 2024</timestamp>
</msg>
<msg id="22" tool="trc">
  <type>UNLOAD_MODULE</type>
  <arg>C:\windows\System32\KERNEL32.DLL</arg>
  <severity>INFO</severity>
  <timestamp>Wed May 15 10:21:46 2024</timestamp>
</msg>
<msg id="23" tool="trc">
  <type>UNLOAD_MODULE</type>
  <arg>C:\windows\SYSTEM32\ntdll.dll</arg>
  <severity>INFO</severity>
  <timestamp>Wed May 15 10:21:46 2024</timestamp>
</msg>
<msg id="24" tool="trc">
  <type>UNLOAD_MODULE</type>
  <arg>C:\windows\SYSTEM32\VCRUNTIME140D.dll</arg>
  <severity>INFO</severity>
  <timestamp>Wed May 15 10:21:46 2024</timestamp>
</msg>
<msg id="25" tool="trc">
  <type>UNLOAD_MODULE</type>
  <arg>C:\windows\SYSTEM32\ucrtbased.dll</arg>
  <severity>INFO</severity>
  <timestamp>Wed May 15 10:21:46 2024</timestamp>
</msg>
<msg id="26" tool="trc">
  <type>UNLOAD_MODULE</type>
  <arg>C:\windows\SYSTEM32\MSVCP140D.dll</arg>
  <severity>INFO</severity>
  <timestamp>Wed May 15 10:21:46 2024</timestamp>
</msg>
<msg id="27" tool="trc">
  <type>UNLOAD_MODULE</type>
  <arg>C:\Program Files (x86)\Intel\oneAPI\compiler\latest\bin\libmmdd.dll</arg>
  <severity>INFO</severity>
  <timestamp>Wed May 15 10:21:46 2024</timestamp>
</msg>
<msg id="28" tool="trc">
  <type>UNLOAD_MODULE</type>
  <arg>C:\windows\SYSTEM32\VCRUNTIME140_1D.dll</arg>
  <severity>INFO</severity>
  <timestamp>Wed May 15 10:21:46 2024</timestamp>
</msg>
<msg id="29" tool="trc">
  <type>UNLOAD_MODULE</type>
  <arg>C:\windows\SYSTEM32\kernel.appcore.dll</arg>
  <severity>INFO</severity>
  <timestamp>Wed May 15 10:21:46 2024</timestamp>
</msg>
<msg id="30" tool="trc">
  <type>UNLOAD_MODULE</type>
  <arg>C:\windows\System32\msvcrt.dll</arg>
  <severity>INFO</severity>
  <timestamp>Wed May 15 10:21:46 2024</timestamp>
</msg>
<msg id="31" tool="trc">
  <type>UNLOAD_MODULE</type>
  <arg>C:\windows\System32\RPCRT4.dll</arg>
  <severity>INFO</severity>
  <timestamp>Wed May 15 10:21:46 2024</timestamp>
</msg>
<msg id="32" tool="trc">
  <type>PROCESS_FINISH</type>
  <arg>C:\Users\shumkin\Documents\GitHub\Education\HPS\n-body\x64\Debug\n-body.exe</arg>
  <arg>8384</arg>
  <arg>0x0</arg>
  <severity>INFO</severity>
  <timestamp>Wed May 15 10:21:46 2024</timestamp>
</msg>
<msg id="33" tool="runtool">
  <type>app-exit-code</type>
  <arg>0</arg>
</msg>
<msg id="34" tool="runtool">
  <type>marker-file</type>
  <arg>C:\Users\shumkin\Documents\GitHub\Education\HPS\n-body\advisor\n-body\e000\trc002\trc002.advixe</arg>
</msg>
<msg id="35" tool="runtool">
  <type>collector-done</type>
</msg>
<msg id="36" tool="runtool">
  <type>log-end</type>
  <arg>2024/05/15 10:21:51</arg>
</msg>

</log>

