<?xml version="1.0" encoding="utf-8" ?>
<!-- DO NOT EDIT THIS FILE -->

<log version='2.0' source='trc'>
	<msg id='1' display='false' source='trc'>
		<type>PROCESS_START</type>
		<severity>INFO</severity>
		<timestamp>Wed May 15 10:21:43 2024</timestamp>
		<arg name='process'>C:\Users\shumkin\Documents\GitHub\Education\HPS\n-body\x64\Debug\n-body.exe</arg>
		<arg name='pid'>8384</arg>
	</msg>
	<!-- Instrumentation filter's state:
    Patterns applicability:
        Generic loop pattern.....................: disabled
        Generic loop pattern (with dynamic jumps): disabled
        Known trip value loop pattern............: disabled
        Runtime final value loop pattern.........: disabled
        No initial IV loop pattern...............: disabled
        IV step only loop pattern................: disabled
        No entry loop pattern....................: disabled
    Clustered memory model (CMM) applicability:
        Generic loop pattern.....................: enabled
        Generic loop pattern (with dynamic jumps): enabled
        Known trip value loop pattern............: enabled
        Runtime final value loop pattern.........: enabled
        No initial IV loop pattern...............: enabled
        IV step only loop pattern................: enabled
        No entry loop pattern....................: disabled
 -->
	<!-- Callstack mode:
    filter modules.........: true
    filter routines........: true
    count loops............: false
    count flops............: false
    trace..................: false
    extended trace.........: false
    omp trace..............: false
    jit trace..............: false
    failures trace.........: false
    dump raw...............: false
    dump final.............: false
    dump all...............: false
    stack stitching........: true
    stl profiling..........: true
    aggressive frame switch: true
    unwind frame exit......: true
    analyze child loops....: true
 -->
	<!-- Managed application profiling: -->
	<!-- 	State...................: enabled -->
	<!-- Gpu Profiling: -->
	<!-- 	State  : disabled -->
	<!-- 	Filter : * -->
	<!-- 	GPUs   : none -->
	<!-- 	Options:  -->
	<msg id='2' display='false' source='trc'>
		<type>PROCESS_ANALYSIS_MODE</type>
		<severity>INFO</severity>
		<timestamp>Wed May 15 10:21:43 2024</timestamp>
		<arg name='mode'>full</arg>
	</msg>
	<!-- Update image info for [1:0x7FF6FB9C0000:YN] C:\Users\shumkin\Documents\GitHub\Education\HPS\n-body\x64\Debug\n-body.exe -->
	<msg id='3' display='false' source='trc'>
		<type>LOAD_MODULE</type>
		<severity>INFO</severity>
		<timestamp>Wed May 15 10:21:43 2024</timestamp>
		<arg name='module'>C:\Users\shumkin\Documents\GitHub\Education\HPS\n-body\x64\Debug\n-body.exe</arg>
		<arg name='basement'>0x7ff6fb9c0000</arg>
		<arg name='ceiling'>0x7ff6fb9d6fff</arg>
		<arg name='symtab'>yes</arg>
	</msg>
	<!-- Instrumenting image: id = 1, name = C:\Users\shumkin\Documents\GitHub\Education\HPS\n-body\x64\Debug\n-body.exe -->
	<!-- Update image info for [2:0x7FFDB5760000:YN] C:\windows\System32\KERNELBASE.dll -->
	<msg id='4' display='false' source='trc'>
		<type>LOAD_MODULE</type>
		<severity>INFO</severity>
		<timestamp>Wed May 15 10:21:43 2024</timestamp>
		<arg name='module'>C:\windows\System32\KERNELBASE.dll</arg>
		<arg name='basement'>0x7ffdb5760000</arg>
		<arg name='ceiling'>0x7ffdb5a55fff</arg>
		<arg name='symtab'>yes</arg>
	</msg>
	<!-- Instrumentation of C:\windows\System32\KERNELBASE.dll image skipped because of filter conditions [cs-mode]. -->
	<!-- Update image info for [3:0x7FFDB6D50000:YN] C:\windows\System32\KERNEL32.DLL -->
	<msg id='5' display='false' source='trc'>
		<type>LOAD_MODULE</type>
		<severity>INFO</severity>
		<timestamp>Wed May 15 10:21:43 2024</timestamp>
		<arg name='module'>C:\windows\System32\KERNEL32.DLL</arg>
		<arg name='basement'>0x7ffdb6d50000</arg>
		<arg name='ceiling'>0x7ffdb6e0cfff</arg>
		<arg name='symtab'>yes</arg>
	</msg>
	<!-- Instrumentation of C:\windows\System32\KERNEL32.DLL image skipped because of filter conditions. -->
	<!-- NtDelayExecution was replaced in ntdll.dll -->
	<!-- Update image info for [4:0x7FFDB7ED0000:YN] C:\windows\SYSTEM32\ntdll.dll -->
	<msg id='6' display='false' source='trc'>
		<type>LOAD_MODULE</type>
		<severity>INFO</severity>
		<timestamp>Wed May 15 10:21:43 2024</timestamp>
		<arg name='module'>C:\windows\SYSTEM32\ntdll.dll</arg>
		<arg name='basement'>0x7ffdb7ed0000</arg>
		<arg name='ceiling'>0x7ffdb80c7fff</arg>
		<arg name='symtab'>yes</arg>
	</msg>
	<!-- Instrumentation of C:\windows\SYSTEM32\ntdll.dll image skipped because of filter conditions [cs-mode]. -->
	<!-- Update image info for [5:0x7FFD38490000:YN] C:\windows\SYSTEM32\VCRUNTIME140D.dll -->
	<msg id='7' display='false' source='trc'>
		<type>LOAD_MODULE</type>
		<severity>INFO</severity>
		<timestamp>Wed May 15 10:21:43 2024</timestamp>
		<arg name='module'>C:\windows\SYSTEM32\VCRUNTIME140D.dll</arg>
		<arg name='basement'>0x7ffd38490000</arg>
		<arg name='ceiling'>0x7ffd384bdfff</arg>
		<arg name='symtab'>yes</arg>
	</msg>
	<!-- Instrumentation of C:\windows\SYSTEM32\VCRUNTIME140D.dll image skipped because of filter conditions [cs-mode]. -->
	<!-- Update image info for [6:0x7FFCE9AE0000:YN] C:\windows\SYSTEM32\ucrtbased.dll -->
	<msg id='8' display='false' source='trc'>
		<type>LOAD_MODULE</type>
		<severity>INFO</severity>
		<timestamp>Wed May 15 10:21:43 2024</timestamp>
		<arg name='module'>C:\windows\SYSTEM32\ucrtbased.dll</arg>
		<arg name='basement'>0x7ffce9ae0000</arg>
		<arg name='ceiling'>0x7ffce9d00fff</arg>
		<arg name='symtab'>yes</arg>
	</msg>
	<!-- Instrumentation of C:\windows\SYSTEM32\ucrtbased.dll image skipped because of filter conditions. -->
	<!-- Update image info for [7:0x7FFCE9F70000:YN] C:\windows\SYSTEM32\MSVCP140D.dll -->
	<msg id='9' display='false' source='trc'>
		<type>LOAD_MODULE</type>
		<severity>INFO</severity>
		<timestamp>Wed May 15 10:21:43 2024</timestamp>
		<arg name='module'>C:\windows\SYSTEM32\MSVCP140D.dll</arg>
		<arg name='basement'>0x7ffce9f70000</arg>
		<arg name='ceiling'>0x7ffcea050fff</arg>
		<arg name='symtab'>yes</arg>
	</msg>
	<!-- Instrumentation of C:\windows\SYSTEM32\MSVCP140D.dll image skipped because of filter conditions. -->
	<!-- Update image info for [8:0x7FFCE96B0000:YN] C:\Program Files (x86)\Intel\oneAPI\compiler\latest\bin\libmmdd.dll -->
	<msg id='10' display='false' source='trc'>
		<type>LOAD_MODULE</type>
		<severity>INFO</severity>
		<timestamp>Wed May 15 10:21:43 2024</timestamp>
		<arg name='module'>C:\Program Files (x86)\Intel\oneAPI\compiler\latest\bin\libmmdd.dll</arg>
		<arg name='basement'>0x7ffce96b0000</arg>
		<arg name='ceiling'>0x7ffce9adcfff</arg>
		<arg name='symtab'>yes</arg>
	</msg>
	<!-- Instrumentation of C:\Program Files (x86)\Intel\oneAPI\compiler\latest\bin\libmmdd.dll image skipped because of filter conditions. -->
	<!-- Update image info for [9:0x7FFDB2B60000:YN] C:\windows\SYSTEM32\VCRUNTIME140_1D.dll -->
	<msg id='11' display='false' source='trc'>
		<type>LOAD_MODULE</type>
		<severity>INFO</severity>
		<timestamp>Wed May 15 10:21:44 2024</timestamp>
		<arg name='module'>C:\windows\SYSTEM32\VCRUNTIME140_1D.dll</arg>
		<arg name='basement'>0x7ffdb2b60000</arg>
		<arg name='ceiling'>0x7ffdb2b6efff</arg>
		<arg name='symtab'>yes</arg>
	</msg>
	<!-- Instrumentation of C:\windows\SYSTEM32\VCRUNTIME140_1D.dll image skipped because of filter conditions [cs-mode]. -->
	<!-- Update image info for [10:0x7FFDB3220000:YN] C:\windows\SYSTEM32\kernel.appcore.dll -->
	<msg id='12' display='false' source='trc'>
		<type>LOAD_MODULE</type>
		<severity>INFO</severity>
		<timestamp>Wed May 15 10:21:46 2024</timestamp>
		<arg name='module'>C:\windows\SYSTEM32\kernel.appcore.dll</arg>
		<arg name='basement'>0x7ffdb3220000</arg>
		<arg name='ceiling'>0x7ffdb3231fff</arg>
		<arg name='symtab'>yes</arg>
	</msg>
	<!-- Instrumentation of C:\windows\SYSTEM32\kernel.appcore.dll image skipped because of filter conditions [cs-mode]. -->
	<!-- Update image info for [11:0x7FFDB6E10000:YN] C:\windows\System32\msvcrt.dll -->
	<msg id='13' display='false' source='trc'>
		<type>LOAD_MODULE</type>
		<severity>INFO</severity>
		<timestamp>Wed May 15 10:21:46 2024</timestamp>
		<arg name='module'>C:\windows\System32\msvcrt.dll</arg>
		<arg name='basement'>0x7ffdb6e10000</arg>
		<arg name='ceiling'>0x7ffdb6eadfff</arg>
		<arg name='symtab'>yes</arg>
	</msg>
	<!-- Instrumentation of C:\windows\System32\msvcrt.dll image skipped because of filter conditions [cs-mode]. -->
	<!-- Update image info for [12:0x7FFDB6B40000:YN] C:\windows\System32\RPCRT4.dll -->
	<msg id='14' display='false' source='trc'>
		<type>LOAD_MODULE</type>
		<severity>INFO</severity>
		<timestamp>Wed May 15 10:21:46 2024</timestamp>
		<arg name='module'>C:\windows\System32\RPCRT4.dll</arg>
		<arg name='basement'>0x7ffdb6b40000</arg>
		<arg name='ceiling'>0x7ffdb6c62fff</arg>
		<arg name='symtab'>yes</arg>
	</msg>
	<!-- Instrumentation of C:\windows\System32\RPCRT4.dll image skipped because of filter conditions [cs-mode]. -->
	<msg id='15' display='false' source='trc'>
		<type>UNLOAD_MODULE</type>
		<severity>INFO</severity>
		<timestamp>Wed May 15 10:21:46 2024</timestamp>
		<arg name='module'>C:\Users\shumkin\Documents\GitHub\Education\HPS\n-body\x64\Debug\n-body.exe</arg>
	</msg>
	<msg id='16' display='false' source='trc'>
		<type>UNLOAD_MODULE</type>
		<severity>INFO</severity>
		<timestamp>Wed May 15 10:21:46 2024</timestamp>
		<arg name='module'>C:\windows\System32\KERNELBASE.dll</arg>
	</msg>
	<msg id='17' display='false' source='trc'>
		<type>UNLOAD_MODULE</type>
		<severity>INFO</severity>
		<timestamp>Wed May 15 10:21:46 2024</timestamp>
		<arg name='module'>C:\windows\System32\KERNEL32.DLL</arg>
	</msg>
	<msg id='18' display='false' source='trc'>
		<type>UNLOAD_MODULE</type>
		<severity>INFO</severity>
		<timestamp>Wed May 15 10:21:46 2024</timestamp>
		<arg name='module'>C:\windows\SYSTEM32\ntdll.dll</arg>
	</msg>
	<msg id='19' display='false' source='trc'>
		<type>UNLOAD_MODULE</type>
		<severity>INFO</severity>
		<timestamp>Wed May 15 10:21:46 2024</timestamp>
		<arg name='module'>C:\windows\SYSTEM32\VCRUNTIME140D.dll</arg>
	</msg>
	<msg id='20' display='false' source='trc'>
		<type>UNLOAD_MODULE</type>
		<severity>INFO</severity>
		<timestamp>Wed May 15 10:21:46 2024</timestamp>
		<arg name='module'>C:\windows\SYSTEM32\ucrtbased.dll</arg>
	</msg>
	<msg id='21' display='false' source='trc'>
		<type>UNLOAD_MODULE</type>
		<severity>INFO</severity>
		<timestamp>Wed May 15 10:21:46 2024</timestamp>
		<arg name='module'>C:\windows\SYSTEM32\MSVCP140D.dll</arg>
	</msg>
	<msg id='22' display='false' source='trc'>
		<type>UNLOAD_MODULE</type>
		<severity>INFO</severity>
		<timestamp>Wed May 15 10:21:46 2024</timestamp>
		<arg name='module'>C:\Program Files (x86)\Intel\oneAPI\compiler\latest\bin\libmmdd.dll</arg>
	</msg>
	<msg id='23' display='false' source='trc'>
		<type>UNLOAD_MODULE</type>
		<severity>INFO</severity>
		<timestamp>Wed May 15 10:21:46 2024</timestamp>
		<arg name='module'>C:\windows\SYSTEM32\VCRUNTIME140_1D.dll</arg>
	</msg>
	<msg id='24' display='false' source='trc'>
		<type>UNLOAD_MODULE</type>
		<severity>INFO</severity>
		<timestamp>Wed May 15 10:21:46 2024</timestamp>
		<arg name='module'>C:\windows\SYSTEM32\kernel.appcore.dll</arg>
	</msg>
	<msg id='25' display='false' source='trc'>
		<type>UNLOAD_MODULE</type>
		<severity>INFO</severity>
		<timestamp>Wed May 15 10:21:46 2024</timestamp>
		<arg name='module'>C:\windows\System32\msvcrt.dll</arg>
	</msg>
	<msg id='26' display='false' source='trc'>
		<type>UNLOAD_MODULE</type>
		<severity>INFO</severity>
		<timestamp>Wed May 15 10:21:46 2024</timestamp>
		<arg name='module'>C:\windows\System32\RPCRT4.dll</arg>
	</msg>
	<msg id='27' display='false' source='trc'>
		<type>PROCESS_FINISH</type>
		<severity>INFO</severity>
		<timestamp>Wed May 15 10:21:46 2024</timestamp>
		<arg name='process'>C:\Users\shumkin\Documents\GitHub\Education\HPS\n-body\x64\Debug\n-body.exe</arg>
		<arg name='pid'>8384</arg>
		<arg name='exitcode'>0x0</arg>
	</msg>
	<!-- Application exited with code 0 -->
</log>