45 [16780] INFO perfrun.launcher <> - Launcher main begin
50 [16780] INFO perfrun.launcher <> - MessageCatalogInit finished
50 [16780] INFO perfrun.launcher <> - Launcher instance created
50 [16780] INFO perfrun.launcher <> - argc = 6; cmdline = C:\Program Files (x86)\Intel\oneAPI\advisor\2024.1\bin64\advixe-runss.exe --ui-output-format xml --ui-output-fd 6716 --context-value-list 
61 [16780] INFO perfrun.launcher <> - New signal handler callback was added
100 [16780] INFO perfrun.launcher <> - create msngr2::ICliToolContext
100 [16780] INFO perfrun.launcher <> - create file finder object
101 [16780] INFO perfrun.launcher <> - Put into the variant bag the context value: name = targetOS; value = Windows
101 [16780] INFO perfrun.launcher <> - Put into the variant bag the context value: name = OS; value = Windows
101 [16780] INFO perfrun.launcher <> - Put into the variant bag the context value: name = OSBuildNumber; value = 19045
101 [16780] INFO perfrun.launcher <> - Put into the variant bag the context value: name = OSBitness; value = 64
101 [16780] INFO perfrun.launcher <> - Put into the variant bag the context value: name = AdministratorPrivileges; value = false
101 [16780] INFO perfrun.launcher <> - Put into the variant bag the context value: name = isPtraceScopeLimited; value = false
101 [16780] INFO perfrun.launcher <> - Put into the variant bag the context value: name = isCATSupportedByCPU; value = false
101 [16780] INFO perfrun.launcher <> - Put into the variant bag the context value: name = isL3MonitoringSupportedByCPU; value = false
101 [16780] INFO perfrun.launcher <> - Put into the variant bag the context value: name = isTSXAvailable; value = false
101 [16780] INFO perfrun.launcher <> - Put into the variant bag the context value: name = isPTAvailable; value = true
101 [16780] INFO perfrun.launcher <> - Put into the variant bag the context value: name = isHTEnabled; value = true
101 [16780] INFO perfrun.launcher <> - Put into the variant bag the context value: name = fpgaOnBoard; value = None
101 [16780] INFO perfrun.launcher <> - Put into the variant bag the context value: name = omniPathOnBoard; value = None
101 [16780] INFO perfrun.launcher <> - Put into the variant bag the context value: name = genArchOnBoard; value = 0
101 [16780] INFO perfrun.launcher <> - Put into the variant bag the context value: name = pciClassParts; value = 
102 [16780] INFO perfrun.launcher <> - Put into the variant bag the context value: name = tidValuesForIO; value = 
102 [16780] INFO perfrun.launcher <> - Put into the variant bag the context value: name = populatedIoParts; value = 
102 [16780] INFO perfrun.launcher <> - Put into the variant bag the context value: name = populatedIoUnits; value = 
102 [16780] INFO perfrun.launcher <> - Put into the variant bag the context value: name = populatedTidValuesForIO; value = 
102 [16780] INFO perfrun.launcher <> - Put into the variant bag the context value: name = isSGXAvailable; value = false
102 [16780] INFO perfrun.launcher <> - Put into the variant bag the context value: name = Hypervisor; value = None
102 [16780] INFO perfrun.launcher <> - Put into the variant bag the context value: name = PerfmonVersion; value = 5
102 [16780] INFO perfrun.launcher <> - Put into the variant bag the context value: name = isMaxDRAMBandwidthMeasurementSupported; value = false
102 [16780] INFO perfrun.launcher <> - Put into the variant bag the context value: name = preferedGpuAdapter; value = 0:1:0.0
102 [16780] INFO perfrun.launcher <> - Put into the variant bag the context value: name = isEHFIAvailable; value = false
102 [16780] INFO perfrun.launcher <> - Put into the variant bag the context value: name = areGpuHardwareMetricsAvailableList; value = 
102 [16780] INFO perfrun.launcher <> - Put into the variant bag the context value: name = gpuPlatformIndexList; value = 
102 [16780] INFO perfrun.launcher <> - Put into the variant bag the context value: name = isTPSSAvailable; value = true
102 [16780] INFO perfrun.launcher <> - Put into the variant bag the context value: name = isPytraceAvailable; value = true
102 [16780] INFO perfrun.launcher <> - Put into the variant bag the context value: name = isGENDebugInfoAvailableList; value = 
102 [16780] INFO perfrun.launcher <> - Put into the variant bag the context value: name = isGTPinCollectionAvailableList; value = 
102 [16780] INFO perfrun.launcher <> - Put into the variant bag the context value: name = forceShowInlines; value = false
102 [16780] INFO perfrun.launcher <> - Application exit code: 0
102 [16780] INFO perfrun.launcher <> - Exit code: 0
